[2020-04-03 14:56:25,333] multiqc                                            [DEBUG  ]  No MultiQC config found: /sw/bioinfo/MultiQC/1.8/rackham/lib/python3.6/site-packages/multiqc_config.yaml
[2020-04-03 14:56:25,334] multiqc                                            [DEBUG  ]  No MultiQC config found: /home/jennij/.multiqc_config.yaml
[2020-04-03 14:56:25,334] multiqc                                            [DEBUG  ]  No MultiQC config found: multiqc_config.yaml
[2020-04-03 14:56:25,334] multiqc                                            [DEBUG  ]  Command used: /sw/bioinfo/MultiQC/1.8/rackham/bin/multiqc -o /home/jennij/Genome_Analysis/analyses/01_preprocessing/multiqc/multiqc_rna_raw /home/jennij/Genome_Analysis/analyses/01_preprocessing/fastqc/fastqc_rna_raw
[2020-04-03 14:56:25,582] multiqc                                            [DEBUG  ]  Latest MultiQC version is v1.8
[2020-04-03 14:56:25,582] multiqc                                            [INFO   ]  This is MultiQC v1.8
[2020-04-03 14:56:25,582] multiqc                                            [DEBUG  ]  Command     : /sw/bioinfo/MultiQC/1.8/rackham/bin/multiqc -o /home/jennij/Genome_Analysis/analyses/01_preprocessing/multiqc/multiqc_rna_raw /home/jennij/Genome_Analysis/analyses/01_preprocessing/fastqc/fastqc_rna_raw
[2020-04-03 14:56:25,582] multiqc                                            [DEBUG  ]  Working dir : /domus/h1/jennij/Genome_Analysis
[2020-04-03 14:56:25,583] multiqc                                            [INFO   ]  Template    : default
[2020-04-03 14:56:25,583] multiqc                                            [DEBUG  ]  Running Python 3.6.8 (default, Mar 14 2019, 16:13:09)  [GCC 4.8.5 20150623 (Red Hat 4.8.5-36)]
[2020-04-03 14:56:25,583] multiqc                                            [INFO   ]  Searching   : /home/jennij/Genome_Analysis/analyses/01_preprocessing/fastqc/fastqc_rna_raw
[2020-04-03 14:56:25,584] multiqc                                            [DEBUG  ]  Analysing modules: custom_content, conpair, peddy, methylQA, phantompeakqualtools, qualimap, preseq, quast, qorts, rna_seqc, rsem, rseqc, busco, goleft_indexcov, disambiguate, supernova, deeptools, sargasso, verifybamid, mirtrace, happy, homer, macs2, theta2, snpeff, gatk, htseq, bcftools, featureCounts, fgbio, dedup, damageprofiler, biobambam2, mtnucratio, picard, prokka, samblaster, samtools, sexdeterrmine, bamtools, jellyfish, vcftools, longranger, stacks, bbmap, bismark, biscuit, hicexplorer, hicup, hicpro, salmon, kallisto, slamdunk, star, hisat2, tophat, bowtie2, bowtie1, kat, leehom, adapterRemoval, clipandmerge, cutadapt, flexbar, trimmomatic, skewer, sortmerna, biobloomtools, fastq_screen, afterqc, fastp, fastqc, minionqc, mosdepth, clusterflow, bcl2fastq, interop, flash, seqyclean
[2020-04-03 14:56:25,584] multiqc                                            [DEBUG  ]  Using temporary directory for creating report: /scratch/13140028/tmpg3b4r8ta
[2020-04-03 14:56:25,821] multiqc                                            [DEBUG  ]  Ignoring file as matched an ignore pattern: sel2_SRR1719266.1_fastqc.html
[2020-04-03 14:56:25,821] multiqc                                            [DEBUG  ]  Ignoring file as matched an ignore pattern: sel2_SRR1719266.2_fastqc.html
[2020-04-03 14:56:28,271] multiqc.plots.bargraph                             [DEBUG  ]  Using matplotlib version 3.1.1
[2020-04-03 14:56:28,273] multiqc.plots.linegraph                            [DEBUG  ]  Using matplotlib version 3.1.1
[2020-04-03 14:56:28,276] multiqc                                            [DEBUG  ]  No samples found: custom_content
[2020-04-03 14:56:28,284] multiqc                                            [DEBUG  ]  No samples found: conpair
[2020-04-03 14:56:28,292] multiqc                                            [DEBUG  ]  No samples found: peddy
[2020-04-03 14:56:28,300] multiqc                                            [DEBUG  ]  No samples found: methylQA
[2020-04-03 14:56:28,308] multiqc                                            [DEBUG  ]  No samples found: phantompeakqualtools
[2020-04-03 14:56:28,319] multiqc                                            [DEBUG  ]  No samples found: qualimap
[2020-04-03 14:56:28,328] multiqc                                            [DEBUG  ]  No samples found: preseq
[2020-04-03 14:56:28,336] multiqc                                            [DEBUG  ]  No samples found: quast
[2020-04-03 14:56:28,344] multiqc                                            [DEBUG  ]  No samples found: qorts
[2020-04-03 14:56:28,352] multiqc                                            [DEBUG  ]  No samples found: rna_seqc
[2020-04-03 14:56:28,360] multiqc                                            [DEBUG  ]  No samples found: rsem
[2020-04-03 14:56:28,378] multiqc                                            [DEBUG  ]  No samples found: rseqc
[2020-04-03 14:56:28,385] multiqc                                            [DEBUG  ]  No samples found: busco
[2020-04-03 14:56:28,393] multiqc                                            [DEBUG  ]  No samples found: goleft_indexcov
[2020-04-03 14:56:28,400] multiqc                                            [DEBUG  ]  No samples found: disambiguate
[2020-04-03 14:56:28,408] multiqc                                            [DEBUG  ]  No samples found: supernova
[2020-04-03 14:56:28,428] multiqc                                            [DEBUG  ]  No samples found: deeptools
[2020-04-03 14:56:28,435] multiqc                                            [DEBUG  ]  No samples found: sargasso
[2020-04-03 14:56:28,444] multiqc                                            [DEBUG  ]  No samples found: verifybamid
[2020-04-03 14:56:28,451] multiqc                                            [DEBUG  ]  No samples found: mirtrace
[2020-04-03 14:56:28,458] multiqc                                            [DEBUG  ]  No samples found: happy
[2020-04-03 14:56:28,469] multiqc                                            [DEBUG  ]  No samples found: homer
[2020-04-03 14:56:28,476] multiqc                                            [DEBUG  ]  No samples found: macs2
[2020-04-03 14:56:28,484] multiqc                                            [DEBUG  ]  No samples found: theta2
[2020-04-03 14:56:28,492] multiqc                                            [DEBUG  ]  No samples found: snpeff
[2020-04-03 14:56:28,503] multiqc                                            [DEBUG  ]  No samples found: gatk
[2020-04-03 14:56:28,510] multiqc                                            [DEBUG  ]  No samples found: htseq
[2020-04-03 14:56:28,519] multiqc                                            [DEBUG  ]  No samples found: bcftools
[2020-04-03 14:56:28,527] multiqc                                            [DEBUG  ]  No samples found: featureCounts
[2020-04-03 14:56:28,536] multiqc                                            [DEBUG  ]  No samples found: fgbio
[2020-04-03 14:56:28,543] multiqc                                            [DEBUG  ]  No samples found: dedup
[2020-04-03 14:56:28,551] multiqc                                            [DEBUG  ]  No samples found: damageprofiler
[2020-04-03 14:56:28,580] multiqc                                            [DEBUG  ]  No samples found: biobambam2
[2020-04-03 14:56:28,588] multiqc                                            [DEBUG  ]  No samples found: mtnucratio
[2020-04-03 14:56:28,591] multiqc                                            [DEBUG  ]  No samples found: picard
[2020-04-03 14:56:28,599] multiqc                                            [DEBUG  ]  No samples found: prokka
[2020-04-03 14:56:28,607] multiqc                                            [DEBUG  ]  No samples found: samblaster
[2020-04-03 14:56:28,619] multiqc                                            [DEBUG  ]  No samples found: samtools
[2020-04-03 14:56:28,627] multiqc                                            [DEBUG  ]  No samples found: sexdeterrmine
[2020-04-03 14:56:28,635] multiqc                                            [DEBUG  ]  No samples found: bamtools
[2020-04-03 14:56:28,642] multiqc                                            [DEBUG  ]  No samples found: jellyfish
[2020-04-03 14:56:28,656] multiqc                                            [DEBUG  ]  No samples found: vcftools
[2020-04-03 14:56:28,664] multiqc                                            [DEBUG  ]  No samples found: longranger
[2020-04-03 14:56:28,671] multiqc                                            [DEBUG  ]  No samples found: stacks
[2020-04-03 14:56:28,692] multiqc                                            [DEBUG  ]  No samples found: bbmap
[2020-04-03 14:56:28,699] multiqc                                            [DEBUG  ]  No samples found: bismark
[2020-04-03 14:56:28,707] multiqc                                            [DEBUG  ]  No samples found: biscuit
[2020-04-03 14:56:28,714] multiqc                                            [DEBUG  ]  No samples found: hicexplorer
[2020-04-03 14:56:28,722] multiqc                                            [DEBUG  ]  No samples found: hicup
[2020-04-03 14:56:28,729] multiqc                                            [DEBUG  ]  No samples found: hicpro
[2020-04-03 14:56:28,736] multiqc                                            [DEBUG  ]  No samples found: salmon
[2020-04-03 14:56:28,743] multiqc                                            [DEBUG  ]  No samples found: kallisto
[2020-04-03 14:56:28,750] multiqc                                            [DEBUG  ]  No samples found: slamdunk
[2020-04-03 14:56:28,757] multiqc                                            [DEBUG  ]  No samples found: star
[2020-04-03 14:56:28,764] multiqc                                            [DEBUG  ]  No samples found: hisat2
[2020-04-03 14:56:28,771] multiqc                                            [DEBUG  ]  No samples found: tophat
[2020-04-03 14:56:28,778] multiqc                                            [DEBUG  ]  No samples found: bowtie2
[2020-04-03 14:56:28,785] multiqc                                            [DEBUG  ]  No samples found: bowtie1
[2020-04-03 14:56:28,794] multiqc                                            [DEBUG  ]  No samples found: kat
[2020-04-03 14:56:28,801] multiqc                                            [DEBUG  ]  No samples found: leehom
[2020-04-03 14:56:28,808] multiqc                                            [DEBUG  ]  No samples found: adapterRemoval
[2020-04-03 14:56:28,815] multiqc                                            [DEBUG  ]  No samples found: clipandmerge
[2020-04-03 14:56:28,822] multiqc                                            [DEBUG  ]  No samples found: cutadapt
[2020-04-03 14:56:28,829] multiqc                                            [DEBUG  ]  No samples found: flexbar
[2020-04-03 14:56:28,836] multiqc                                            [DEBUG  ]  No samples found: trimmomatic
[2020-04-03 14:56:28,843] multiqc                                            [DEBUG  ]  No samples found: skewer
[2020-04-03 14:56:28,849] multiqc                                            [DEBUG  ]  No samples found: sortmerna
[2020-04-03 14:56:28,856] multiqc                                            [DEBUG  ]  No samples found: biobloomtools
[2020-04-03 14:56:28,863] multiqc                                            [DEBUG  ]  No samples found: fastq_screen
[2020-04-03 14:56:28,870] multiqc                                            [DEBUG  ]  No samples found: afterqc
[2020-04-03 14:56:28,877] multiqc                                            [DEBUG  ]  No samples found: fastp
[2020-04-03 14:56:28,943] multiqc.modules.fastqc.fastqc                      [INFO   ]  Found 2 reports
[2020-04-03 14:56:29,041] multiqc                                            [DEBUG  ]  No samples found: minionqc
[2020-04-03 14:56:29,048] multiqc                                            [DEBUG  ]  No samples found: mosdepth
[2020-04-03 14:56:29,056] multiqc                                            [DEBUG  ]  No samples found: clusterflow
[2020-04-03 14:56:29,063] multiqc                                            [DEBUG  ]  No samples found: bcl2fastq
[2020-04-03 14:56:29,071] multiqc                                            [DEBUG  ]  No samples found: interop
[2020-04-03 14:56:29,079] multiqc                                            [DEBUG  ]  No samples found: flash
[2020-04-03 14:56:29,086] multiqc                                            [DEBUG  ]  No samples found: seqyclean
[2020-04-03 14:56:29,091] multiqc                                            [INFO   ]  Compressing plot data
[2020-04-03 14:56:29,143] multiqc                                            [INFO   ]  Report      : ../../../../home/jennij/Genome_Analysis/analyses/01_preprocessing/multiqc/multiqc_rna_raw/multiqc_report.html
[2020-04-03 14:56:29,143] multiqc                                            [INFO   ]  Data        : ../../../../home/jennij/Genome_Analysis/analyses/01_preprocessing/multiqc/multiqc_rna_raw/multiqc_data
[2020-04-03 14:56:29,144] multiqc                                            [DEBUG  ]  Moving data file from '/scratch/13140028/tmpg3b4r8ta/multiqc_data/multiqc_sources.txt' to '/home/jennij/Genome_Analysis/analyses/01_preprocessing/multiqc/multiqc_rna_raw/multiqc_data'
[2020-04-03 14:56:29,145] multiqc                                            [DEBUG  ]  Moving data file from '/scratch/13140028/tmpg3b4r8ta/multiqc_data/multiqc_qualimap_bamqc_genome_results.txt' to '/home/jennij/Genome_Analysis/analyses/01_preprocessing/multiqc/multiqc_rna_raw/multiqc_data'
[2020-04-03 14:56:29,147] multiqc                                            [DEBUG  ]  Moving data file from '/scratch/13140028/tmpg3b4r8ta/multiqc_data/multiqc_data.json' to '/home/jennij/Genome_Analysis/analyses/01_preprocessing/multiqc/multiqc_rna_raw/multiqc_data'
[2020-04-03 14:56:29,150] multiqc                                            [DEBUG  ]  Moving data file from '/scratch/13140028/tmpg3b4r8ta/multiqc_data/multiqc_fastqc.txt' to '/home/jennij/Genome_Analysis/analyses/01_preprocessing/multiqc/multiqc_rna_raw/multiqc_data'
[2020-04-03 14:56:29,152] multiqc                                            [DEBUG  ]  Moving data file from '/scratch/13140028/tmpg3b4r8ta/multiqc_data/multiqc_general_stats.txt' to '/home/jennij/Genome_Analysis/analyses/01_preprocessing/multiqc/multiqc_rna_raw/multiqc_data'
[2020-04-03 14:56:29,338] multiqc                                            [INFO   ]  MultiQC complete
