[2020-04-03 14:56:31,131] multiqc                                            [DEBUG  ]  No MultiQC config found: /sw/bioinfo/MultiQC/1.8/rackham/lib/python3.6/site-packages/multiqc_config.yaml
[2020-04-03 14:56:31,131] multiqc                                            [DEBUG  ]  No MultiQC config found: /home/jennij/.multiqc_config.yaml
[2020-04-03 14:56:31,131] multiqc                                            [DEBUG  ]  No MultiQC config found: multiqc_config.yaml
[2020-04-03 14:56:31,131] multiqc                                            [DEBUG  ]  Command used: /sw/bioinfo/MultiQC/1.8/rackham/bin/multiqc -o /home/jennij/Genome_Analysis/analyses/01_preprocessing/multiqc/multiqc_rna_trimmed /home/jennij/Genome_Analysis/analyses/01_preprocessing/fastqc/fastqc_rna_trimmed
[2020-04-03 14:56:31,375] multiqc                                            [DEBUG  ]  Latest MultiQC version is v1.8
[2020-04-03 14:56:31,375] multiqc                                            [INFO   ]  This is MultiQC v1.8
[2020-04-03 14:56:31,375] multiqc                                            [DEBUG  ]  Command     : /sw/bioinfo/MultiQC/1.8/rackham/bin/multiqc -o /home/jennij/Genome_Analysis/analyses/01_preprocessing/multiqc/multiqc_rna_trimmed /home/jennij/Genome_Analysis/analyses/01_preprocessing/fastqc/fastqc_rna_trimmed
[2020-04-03 14:56:31,376] multiqc                                            [DEBUG  ]  Working dir : /domus/h1/jennij/Genome_Analysis
[2020-04-03 14:56:31,376] multiqc                                            [INFO   ]  Template    : default
[2020-04-03 14:56:31,376] multiqc                                            [DEBUG  ]  Running Python 3.6.8 (default, Mar 14 2019, 16:13:09)  [GCC 4.8.5 20150623 (Red Hat 4.8.5-36)]
[2020-04-03 14:56:31,376] multiqc                                            [INFO   ]  Searching   : /home/jennij/Genome_Analysis/analyses/01_preprocessing/fastqc/fastqc_rna_trimmed
[2020-04-03 14:56:31,377] multiqc                                            [DEBUG  ]  Analysing modules: custom_content, conpair, peddy, methylQA, phantompeakqualtools, qualimap, preseq, quast, qorts, rna_seqc, rsem, rseqc, busco, goleft_indexcov, disambiguate, supernova, deeptools, sargasso, verifybamid, mirtrace, happy, homer, macs2, theta2, snpeff, gatk, htseq, bcftools, featureCounts, fgbio, dedup, damageprofiler, biobambam2, mtnucratio, picard, prokka, samblaster, samtools, sexdeterrmine, bamtools, jellyfish, vcftools, longranger, stacks, bbmap, bismark, biscuit, hicexplorer, hicup, hicpro, salmon, kallisto, slamdunk, star, hisat2, tophat, bowtie2, bowtie1, kat, leehom, adapterRemoval, clipandmerge, cutadapt, flexbar, trimmomatic, skewer, sortmerna, biobloomtools, fastq_screen, afterqc, fastp, fastqc, minionqc, mosdepth, clusterflow, bcl2fastq, interop, flash, seqyclean
[2020-04-03 14:56:31,377] multiqc                                            [DEBUG  ]  Using temporary directory for creating report: /scratch/13140028/tmpxpd1z7gv
[2020-04-03 14:56:31,578] multiqc                                            [DEBUG  ]  Ignoring file as matched an ignore pattern: sel2_SRR1719013.trim_1P_fastqc.html
[2020-04-03 14:56:31,578] multiqc                                            [DEBUG  ]  Ignoring file as matched an ignore pattern: sel2_SRR1719013.trim_1U_fastqc.html
[2020-04-03 14:56:31,579] multiqc                                            [DEBUG  ]  Ignoring file as matched an ignore pattern: sel2_SRR1719013.trim_2P_fastqc.html
[2020-04-03 14:56:31,579] multiqc                                            [DEBUG  ]  Ignoring file as matched an ignore pattern: sel2_SRR1719013.trim_2U_fastqc.html
[2020-04-03 14:56:31,580] multiqc                                            [DEBUG  ]  Ignoring file as matched an ignore pattern: sel2_SRR1719014.trim_1P_fastqc.html
[2020-04-03 14:56:31,580] multiqc                                            [DEBUG  ]  Ignoring file as matched an ignore pattern: sel2_SRR1719014.trim_1U_fastqc.html
[2020-04-03 14:56:31,580] multiqc                                            [DEBUG  ]  Ignoring file as matched an ignore pattern: sel2_SRR1719014.trim_2P_fastqc.html
[2020-04-03 14:56:31,581] multiqc                                            [DEBUG  ]  Ignoring file as matched an ignore pattern: sel2_SRR1719014.trim_2U_fastqc.html
[2020-04-03 14:56:31,581] multiqc                                            [DEBUG  ]  Ignoring file as matched an ignore pattern: sel2_SRR1719015.trim_1P_fastqc.html
[2020-04-03 14:56:31,581] multiqc                                            [DEBUG  ]  Ignoring file as matched an ignore pattern: sel2_SRR1719015.trim_1U_fastqc.html
[2020-04-03 14:56:31,582] multiqc                                            [DEBUG  ]  Ignoring file as matched an ignore pattern: sel2_SRR1719015.trim_2P_fastqc.html
[2020-04-03 14:56:31,582] multiqc                                            [DEBUG  ]  Ignoring file as matched an ignore pattern: sel2_SRR1719015.trim_2U_fastqc.html
[2020-04-03 14:56:31,582] multiqc                                            [DEBUG  ]  Ignoring file as matched an ignore pattern: sel2_SRR1719016.trim_1P_fastqc.html
[2020-04-03 14:56:31,583] multiqc                                            [DEBUG  ]  Ignoring file as matched an ignore pattern: sel2_SRR1719016.trim_1U_fastqc.html
[2020-04-03 14:56:31,583] multiqc                                            [DEBUG  ]  Ignoring file as matched an ignore pattern: sel2_SRR1719016.trim_2P_fastqc.html
[2020-04-03 14:56:31,583] multiqc                                            [DEBUG  ]  Ignoring file as matched an ignore pattern: sel2_SRR1719016.trim_2U_fastqc.html
[2020-04-03 14:56:31,584] multiqc                                            [DEBUG  ]  Ignoring file as matched an ignore pattern: sel2_SRR1719017.trim_1P_fastqc.html
[2020-04-03 14:56:31,584] multiqc                                            [DEBUG  ]  Ignoring file as matched an ignore pattern: sel2_SRR1719017.trim_1U_fastqc.html
[2020-04-03 14:56:31,584] multiqc                                            [DEBUG  ]  Ignoring file as matched an ignore pattern: sel2_SRR1719017.trim_2P_fastqc.html
[2020-04-03 14:56:31,585] multiqc                                            [DEBUG  ]  Ignoring file as matched an ignore pattern: sel2_SRR1719017.trim_2U_fastqc.html
[2020-04-03 14:56:31,585] multiqc                                            [DEBUG  ]  Ignoring file as matched an ignore pattern: sel2_SRR1719018.trim_1P_fastqc.html
[2020-04-03 14:56:31,585] multiqc                                            [DEBUG  ]  Ignoring file as matched an ignore pattern: sel2_SRR1719018.trim_1U_fastqc.html
[2020-04-03 14:56:31,586] multiqc                                            [DEBUG  ]  Ignoring file as matched an ignore pattern: sel2_SRR1719018.trim_2P_fastqc.html
[2020-04-03 14:56:31,586] multiqc                                            [DEBUG  ]  Ignoring file as matched an ignore pattern: sel2_SRR1719018.trim_2U_fastqc.html
[2020-04-03 14:56:31,587] multiqc                                            [DEBUG  ]  Ignoring file as matched an ignore pattern: sel2_SRR1719204.trim_1P_fastqc.html
[2020-04-03 14:56:31,587] multiqc                                            [DEBUG  ]  Ignoring file as matched an ignore pattern: sel2_SRR1719204.trim_1U_fastqc.html
[2020-04-03 14:56:31,587] multiqc                                            [DEBUG  ]  Ignoring file as matched an ignore pattern: sel2_SRR1719204.trim_2P_fastqc.html
[2020-04-03 14:56:31,588] multiqc                                            [DEBUG  ]  Ignoring file as matched an ignore pattern: sel2_SRR1719204.trim_2U_fastqc.html
[2020-04-03 14:56:31,588] multiqc                                            [DEBUG  ]  Ignoring file as matched an ignore pattern: sel2_SRR1719206.trim_1P_fastqc.html
[2020-04-03 14:56:31,588] multiqc                                            [DEBUG  ]  Ignoring file as matched an ignore pattern: sel2_SRR1719206.trim_1U_fastqc.html
[2020-04-03 14:56:31,589] multiqc                                            [DEBUG  ]  Ignoring file as matched an ignore pattern: sel2_SRR1719206.trim_2P_fastqc.html
[2020-04-03 14:56:31,589] multiqc                                            [DEBUG  ]  Ignoring file as matched an ignore pattern: sel2_SRR1719206.trim_2U_fastqc.html
[2020-04-03 14:56:31,589] multiqc                                            [DEBUG  ]  Ignoring file as matched an ignore pattern: sel2_SRR1719207.trim_1P_fastqc.html
[2020-04-03 14:56:31,590] multiqc                                            [DEBUG  ]  Ignoring file as matched an ignore pattern: sel2_SRR1719207.trim_1U_fastqc.html
[2020-04-03 14:56:31,590] multiqc                                            [DEBUG  ]  Ignoring file as matched an ignore pattern: sel2_SRR1719207.trim_2P_fastqc.html
[2020-04-03 14:56:31,590] multiqc                                            [DEBUG  ]  Ignoring file as matched an ignore pattern: sel2_SRR1719207.trim_2U_fastqc.html
[2020-04-03 14:56:31,591] multiqc                                            [DEBUG  ]  Ignoring file as matched an ignore pattern: sel2_SRR1719208.trim_1P_fastqc.html
[2020-04-03 14:56:31,591] multiqc                                            [DEBUG  ]  Ignoring file as matched an ignore pattern: sel2_SRR1719208.trim_1U_fastqc.html
[2020-04-03 14:56:31,591] multiqc                                            [DEBUG  ]  Ignoring file as matched an ignore pattern: sel2_SRR1719208.trim_2P_fastqc.html
[2020-04-03 14:56:31,592] multiqc                                            [DEBUG  ]  Ignoring file as matched an ignore pattern: sel2_SRR1719208.trim_2U_fastqc.html
[2020-04-03 14:56:31,592] multiqc                                            [DEBUG  ]  Ignoring file as matched an ignore pattern: sel2_SRR1719209.trim_1P_fastqc.html
[2020-04-03 14:56:31,592] multiqc                                            [DEBUG  ]  Ignoring file as matched an ignore pattern: sel2_SRR1719209.trim_1U_fastqc.html
[2020-04-03 14:56:31,593] multiqc                                            [DEBUG  ]  Ignoring file as matched an ignore pattern: sel2_SRR1719209.trim_2P_fastqc.html
[2020-04-03 14:56:31,593] multiqc                                            [DEBUG  ]  Ignoring file as matched an ignore pattern: sel2_SRR1719209.trim_2U_fastqc.html
[2020-04-03 14:56:31,594] multiqc                                            [DEBUG  ]  Ignoring file as matched an ignore pattern: sel2_SRR1719211.trim_1P_fastqc.html
[2020-04-03 14:56:31,594] multiqc                                            [DEBUG  ]  Ignoring file as matched an ignore pattern: sel2_SRR1719211.trim_1U_fastqc.html
[2020-04-03 14:56:31,594] multiqc                                            [DEBUG  ]  Ignoring file as matched an ignore pattern: sel2_SRR1719211.trim_2P_fastqc.html
[2020-04-03 14:56:31,595] multiqc                                            [DEBUG  ]  Ignoring file as matched an ignore pattern: sel2_SRR1719211.trim_2U_fastqc.html
[2020-04-03 14:56:31,595] multiqc                                            [DEBUG  ]  Ignoring file as matched an ignore pattern: sel2_SRR1719212.trim_1P_fastqc.html
[2020-04-03 14:56:31,595] multiqc                                            [DEBUG  ]  Ignoring file as matched an ignore pattern: sel2_SRR1719212.trim_1U_fastqc.html
[2020-04-03 14:56:31,596] multiqc                                            [DEBUG  ]  Ignoring file as matched an ignore pattern: sel2_SRR1719212.trim_2P_fastqc.html
[2020-04-03 14:56:31,596] multiqc                                            [DEBUG  ]  Ignoring file as matched an ignore pattern: sel2_SRR1719212.trim_2U_fastqc.html
[2020-04-03 14:56:31,596] multiqc                                            [DEBUG  ]  Ignoring file as matched an ignore pattern: sel2_SRR1719213.trim_1P_fastqc.html
[2020-04-03 14:56:31,597] multiqc                                            [DEBUG  ]  Ignoring file as matched an ignore pattern: sel2_SRR1719213.trim_1U_fastqc.html
[2020-04-03 14:56:31,597] multiqc                                            [DEBUG  ]  Ignoring file as matched an ignore pattern: sel2_SRR1719213.trim_2P_fastqc.html
[2020-04-03 14:56:31,597] multiqc                                            [DEBUG  ]  Ignoring file as matched an ignore pattern: sel2_SRR1719213.trim_2U_fastqc.html
[2020-04-03 14:56:31,598] multiqc                                            [DEBUG  ]  Ignoring file as matched an ignore pattern: sel2_SRR1719214.trim_1P_fastqc.html
[2020-04-03 14:56:31,598] multiqc                                            [DEBUG  ]  Ignoring file as matched an ignore pattern: sel2_SRR1719214.trim_1U_fastqc.html
[2020-04-03 14:56:31,598] multiqc                                            [DEBUG  ]  Ignoring file as matched an ignore pattern: sel2_SRR1719214.trim_2P_fastqc.html
[2020-04-03 14:56:31,599] multiqc                                            [DEBUG  ]  Ignoring file as matched an ignore pattern: sel2_SRR1719214.trim_2U_fastqc.html
[2020-04-03 14:56:31,599] multiqc                                            [DEBUG  ]  Ignoring file as matched an ignore pattern: sel2_SRR1719241.trim_1P_fastqc.html
[2020-04-03 14:56:31,600] multiqc                                            [DEBUG  ]  Ignoring file as matched an ignore pattern: sel2_SRR1719241.trim_1U_fastqc.html
[2020-04-03 14:56:31,600] multiqc                                            [DEBUG  ]  Ignoring file as matched an ignore pattern: sel2_SRR1719241.trim_2P_fastqc.html
[2020-04-03 14:56:31,600] multiqc                                            [DEBUG  ]  Ignoring file as matched an ignore pattern: sel2_SRR1719241.trim_2U_fastqc.html
[2020-04-03 14:56:31,601] multiqc                                            [DEBUG  ]  Ignoring file as matched an ignore pattern: sel2_SRR1719242.trim_1P_fastqc.html
[2020-04-03 14:56:31,601] multiqc                                            [DEBUG  ]  Ignoring file as matched an ignore pattern: sel2_SRR1719242.trim_1U_fastqc.html
[2020-04-03 14:56:31,601] multiqc                                            [DEBUG  ]  Ignoring file as matched an ignore pattern: sel2_SRR1719242.trim_2P_fastqc.html
[2020-04-03 14:56:31,602] multiqc                                            [DEBUG  ]  Ignoring file as matched an ignore pattern: sel2_SRR1719242.trim_2U_fastqc.html
[2020-04-03 14:56:31,958] multiqc.plots.bargraph                             [DEBUG  ]  Using matplotlib version 3.1.1
[2020-04-03 14:56:31,958] multiqc.plots.linegraph                            [DEBUG  ]  Using matplotlib version 3.1.1
[2020-04-03 14:56:31,960] multiqc                                            [DEBUG  ]  No samples found: custom_content
[2020-04-03 14:56:31,965] multiqc                                            [DEBUG  ]  No samples found: conpair
[2020-04-03 14:56:31,970] multiqc                                            [DEBUG  ]  No samples found: peddy
[2020-04-03 14:56:31,976] multiqc                                            [DEBUG  ]  No samples found: methylQA
[2020-04-03 14:56:31,981] multiqc                                            [DEBUG  ]  No samples found: phantompeakqualtools
[2020-04-03 14:56:31,988] multiqc                                            [DEBUG  ]  No samples found: qualimap
[2020-04-03 14:56:31,993] multiqc                                            [DEBUG  ]  No samples found: preseq
[2020-04-03 14:56:31,998] multiqc                                            [DEBUG  ]  No samples found: quast
[2020-04-03 14:56:32,003] multiqc                                            [DEBUG  ]  No samples found: qorts
[2020-04-03 14:56:32,008] multiqc                                            [DEBUG  ]  No samples found: rna_seqc
[2020-04-03 14:56:32,013] multiqc                                            [DEBUG  ]  No samples found: rsem
[2020-04-03 14:56:32,025] multiqc                                            [DEBUG  ]  No samples found: rseqc
[2020-04-03 14:56:32,030] multiqc                                            [DEBUG  ]  No samples found: busco
[2020-04-03 14:56:32,035] multiqc                                            [DEBUG  ]  No samples found: goleft_indexcov
[2020-04-03 14:56:32,040] multiqc                                            [DEBUG  ]  No samples found: disambiguate
[2020-04-03 14:56:32,046] multiqc                                            [DEBUG  ]  No samples found: supernova
[2020-04-03 14:56:32,057] multiqc                                            [DEBUG  ]  No samples found: deeptools
[2020-04-03 14:56:32,062] multiqc                                            [DEBUG  ]  No samples found: sargasso
[2020-04-03 14:56:32,068] multiqc                                            [DEBUG  ]  No samples found: verifybamid
[2020-04-03 14:56:32,073] multiqc                                            [DEBUG  ]  No samples found: mirtrace
[2020-04-03 14:56:32,078] multiqc                                            [DEBUG  ]  No samples found: happy
[2020-04-03 14:56:32,084] multiqc                                            [DEBUG  ]  No samples found: homer
[2020-04-03 14:56:32,089] multiqc                                            [DEBUG  ]  No samples found: macs2
[2020-04-03 14:56:32,094] multiqc                                            [DEBUG  ]  No samples found: theta2
[2020-04-03 14:56:32,100] multiqc                                            [DEBUG  ]  No samples found: snpeff
[2020-04-03 14:56:32,107] multiqc                                            [DEBUG  ]  No samples found: gatk
[2020-04-03 14:56:32,112] multiqc                                            [DEBUG  ]  No samples found: htseq
[2020-04-03 14:56:32,117] multiqc                                            [DEBUG  ]  No samples found: bcftools
[2020-04-03 14:56:32,122] multiqc                                            [DEBUG  ]  No samples found: featureCounts
[2020-04-03 14:56:32,128] multiqc                                            [DEBUG  ]  No samples found: fgbio
[2020-04-03 14:56:32,133] multiqc                                            [DEBUG  ]  No samples found: dedup
[2020-04-03 14:56:32,139] multiqc                                            [DEBUG  ]  No samples found: damageprofiler
[2020-04-03 14:56:32,155] multiqc                                            [DEBUG  ]  No samples found: biobambam2
[2020-04-03 14:56:32,160] multiqc                                            [DEBUG  ]  No samples found: mtnucratio
[2020-04-03 14:56:32,164] multiqc                                            [DEBUG  ]  No samples found: picard
[2020-04-03 14:56:32,169] multiqc                                            [DEBUG  ]  No samples found: prokka
[2020-04-03 14:56:32,174] multiqc                                            [DEBUG  ]  No samples found: samblaster
[2020-04-03 14:56:32,182] multiqc                                            [DEBUG  ]  No samples found: samtools
[2020-04-03 14:56:32,188] multiqc                                            [DEBUG  ]  No samples found: sexdeterrmine
[2020-04-03 14:56:32,193] multiqc                                            [DEBUG  ]  No samples found: bamtools
[2020-04-03 14:56:32,199] multiqc                                            [DEBUG  ]  No samples found: jellyfish
[2020-04-03 14:56:32,207] multiqc                                            [DEBUG  ]  No samples found: vcftools
[2020-04-03 14:56:32,212] multiqc                                            [DEBUG  ]  No samples found: longranger
[2020-04-03 14:56:32,217] multiqc                                            [DEBUG  ]  No samples found: stacks
[2020-04-03 14:56:32,232] multiqc                                            [DEBUG  ]  No samples found: bbmap
[2020-04-03 14:56:32,237] multiqc                                            [DEBUG  ]  No samples found: bismark
[2020-04-03 14:56:32,242] multiqc                                            [DEBUG  ]  No samples found: biscuit
[2020-04-03 14:56:32,248] multiqc                                            [DEBUG  ]  No samples found: hicexplorer
[2020-04-03 14:56:32,253] multiqc                                            [DEBUG  ]  No samples found: hicup
[2020-04-03 14:56:32,258] multiqc                                            [DEBUG  ]  No samples found: hicpro
[2020-04-03 14:56:32,263] multiqc                                            [DEBUG  ]  No samples found: salmon
[2020-04-03 14:56:32,269] multiqc                                            [DEBUG  ]  No samples found: kallisto
[2020-04-03 14:56:32,274] multiqc                                            [DEBUG  ]  No samples found: slamdunk
[2020-04-03 14:56:32,279] multiqc                                            [DEBUG  ]  No samples found: star
[2020-04-03 14:56:32,284] multiqc                                            [DEBUG  ]  No samples found: hisat2
[2020-04-03 14:56:32,290] multiqc                                            [DEBUG  ]  No samples found: tophat
[2020-04-03 14:56:32,295] multiqc                                            [DEBUG  ]  No samples found: bowtie2
[2020-04-03 14:56:32,300] multiqc                                            [DEBUG  ]  No samples found: bowtie1
[2020-04-03 14:56:32,306] multiqc                                            [DEBUG  ]  No samples found: kat
[2020-04-03 14:56:32,311] multiqc                                            [DEBUG  ]  No samples found: leehom
[2020-04-03 14:56:32,316] multiqc                                            [DEBUG  ]  No samples found: adapterRemoval
[2020-04-03 14:56:32,321] multiqc                                            [DEBUG  ]  No samples found: clipandmerge
[2020-04-03 14:56:32,326] multiqc                                            [DEBUG  ]  No samples found: cutadapt
[2020-04-03 14:56:32,331] multiqc                                            [DEBUG  ]  No samples found: flexbar
[2020-04-03 14:56:32,337] multiqc                                            [DEBUG  ]  No samples found: trimmomatic
[2020-04-03 14:56:32,342] multiqc                                            [DEBUG  ]  No samples found: skewer
[2020-04-03 14:56:32,347] multiqc                                            [DEBUG  ]  No samples found: sortmerna
[2020-04-03 14:56:32,352] multiqc                                            [DEBUG  ]  No samples found: biobloomtools
[2020-04-03 14:56:32,357] multiqc                                            [DEBUG  ]  No samples found: fastq_screen
[2020-04-03 14:56:32,362] multiqc                                            [DEBUG  ]  No samples found: afterqc
[2020-04-03 14:56:32,367] multiqc                                            [DEBUG  ]  No samples found: fastp
[2020-04-03 14:56:34,599] multiqc.modules.fastqc.fastqc                      [INFO   ]  Found 68 reports
[2020-04-03 14:56:35,710] multiqc                                            [DEBUG  ]  No samples found: minionqc
[2020-04-03 14:56:35,716] multiqc                                            [DEBUG  ]  No samples found: mosdepth
[2020-04-03 14:56:35,722] multiqc                                            [DEBUG  ]  No samples found: clusterflow
[2020-04-03 14:56:35,727] multiqc                                            [DEBUG  ]  No samples found: bcl2fastq
[2020-04-03 14:56:35,733] multiqc                                            [DEBUG  ]  No samples found: interop
[2020-04-03 14:56:35,739] multiqc                                            [DEBUG  ]  No samples found: flash
[2020-04-03 14:56:35,744] multiqc                                            [DEBUG  ]  No samples found: seqyclean
[2020-04-03 14:56:35,859] multiqc                                            [INFO   ]  Compressing plot data
[2020-04-03 14:56:37,033] multiqc                                            [INFO   ]  Report      : ../../../../home/jennij/Genome_Analysis/analyses/01_preprocessing/multiqc/multiqc_rna_trimmed/multiqc_report.html
[2020-04-03 14:56:37,034] multiqc                                            [INFO   ]  Data        : ../../../../home/jennij/Genome_Analysis/analyses/01_preprocessing/multiqc/multiqc_rna_trimmed/multiqc_data
[2020-04-03 14:56:37,034] multiqc                                            [DEBUG  ]  Moving data file from '/scratch/13140028/tmpxpd1z7gv/multiqc_data/multiqc_sources.txt' to '/home/jennij/Genome_Analysis/analyses/01_preprocessing/multiqc/multiqc_rna_trimmed/multiqc_data'
[2020-04-03 14:56:37,036] multiqc                                            [DEBUG  ]  Moving data file from '/scratch/13140028/tmpxpd1z7gv/multiqc_data/multiqc_qualimap_bamqc_genome_results.txt' to '/home/jennij/Genome_Analysis/analyses/01_preprocessing/multiqc/multiqc_rna_trimmed/multiqc_data'
[2020-04-03 14:56:37,044] multiqc                                            [DEBUG  ]  Moving data file from '/scratch/13140028/tmpxpd1z7gv/multiqc_data/multiqc_data.json' to '/home/jennij/Genome_Analysis/analyses/01_preprocessing/multiqc/multiqc_rna_trimmed/multiqc_data'
[2020-04-03 14:56:37,088] multiqc                                            [DEBUG  ]  Moving data file from '/scratch/13140028/tmpxpd1z7gv/multiqc_data/multiqc_fastqc.txt' to '/home/jennij/Genome_Analysis/analyses/01_preprocessing/multiqc/multiqc_rna_trimmed/multiqc_data'
[2020-04-03 14:56:37,090] multiqc                                            [DEBUG  ]  Moving data file from '/scratch/13140028/tmpxpd1z7gv/multiqc_data/multiqc_general_stats.txt' to '/home/jennij/Genome_Analysis/analyses/01_preprocessing/multiqc/multiqc_rna_trimmed/multiqc_data'
[2020-04-03 14:56:37,281] multiqc                                            [INFO   ]  MultiQC complete
