[2020-04-03 14:56:39,116] multiqc                                            [DEBUG  ]  No MultiQC config found: /sw/bioinfo/MultiQC/1.8/rackham/lib/python3.6/site-packages/multiqc_config.yaml
[2020-04-03 14:56:39,116] multiqc                                            [DEBUG  ]  No MultiQC config found: /home/jennij/.multiqc_config.yaml
[2020-04-03 14:56:39,116] multiqc                                            [DEBUG  ]  No MultiQC config found: multiqc_config.yaml
[2020-04-03 14:56:39,116] multiqc                                            [DEBUG  ]  Command used: /sw/bioinfo/MultiQC/1.8/rackham/bin/multiqc -o /home/jennij/Genome_Analysis/analyses/01_preprocessing/multiqc/multiqc_dna /home/jennij/Genome_Analysis/analyses/01_preprocessing/fastqc/fastqc_dna
[2020-04-03 14:56:39,371] multiqc                                            [DEBUG  ]  Latest MultiQC version is v1.8
[2020-04-03 14:56:39,371] multiqc                                            [INFO   ]  This is MultiQC v1.8
[2020-04-03 14:56:39,371] multiqc                                            [DEBUG  ]  Command     : /sw/bioinfo/MultiQC/1.8/rackham/bin/multiqc -o /home/jennij/Genome_Analysis/analyses/01_preprocessing/multiqc/multiqc_dna /home/jennij/Genome_Analysis/analyses/01_preprocessing/fastqc/fastqc_dna
[2020-04-03 14:56:39,371] multiqc                                            [DEBUG  ]  Working dir : /domus/h1/jennij/Genome_Analysis
[2020-04-03 14:56:39,372] multiqc                                            [INFO   ]  Template    : default
[2020-04-03 14:56:39,372] multiqc                                            [DEBUG  ]  Running Python 3.6.8 (default, Mar 14 2019, 16:13:09)  [GCC 4.8.5 20150623 (Red Hat 4.8.5-36)]
[2020-04-03 14:56:39,372] multiqc                                            [INFO   ]  Searching   : /home/jennij/Genome_Analysis/analyses/01_preprocessing/fastqc/fastqc_dna
[2020-04-03 14:56:39,372] multiqc                                            [DEBUG  ]  Analysing modules: custom_content, conpair, peddy, methylQA, phantompeakqualtools, qualimap, preseq, quast, qorts, rna_seqc, rsem, rseqc, busco, goleft_indexcov, disambiguate, supernova, deeptools, sargasso, verifybamid, mirtrace, happy, homer, macs2, theta2, snpeff, gatk, htseq, bcftools, featureCounts, fgbio, dedup, damageprofiler, biobambam2, mtnucratio, picard, prokka, samblaster, samtools, sexdeterrmine, bamtools, jellyfish, vcftools, longranger, stacks, bbmap, bismark, biscuit, hicexplorer, hicup, hicpro, salmon, kallisto, slamdunk, star, hisat2, tophat, bowtie2, bowtie1, kat, leehom, adapterRemoval, clipandmerge, cutadapt, flexbar, trimmomatic, skewer, sortmerna, biobloomtools, fastq_screen, afterqc, fastp, fastqc, minionqc, mosdepth, clusterflow, bcl2fastq, interop, flash, seqyclean
[2020-04-03 14:56:39,372] multiqc                                            [DEBUG  ]  Using temporary directory for creating report: /scratch/13140028/tmpkezjnygi
[2020-04-03 14:56:39,576] multiqc                                            [DEBUG  ]  Ignoring file as matched an ignore pattern: sel2_SRR5819794.trim_1P_fastqc.html
[2020-04-03 14:56:39,576] multiqc                                            [DEBUG  ]  Ignoring file as matched an ignore pattern: sel2_SRR5819794.trim_1U_fastqc.html
[2020-04-03 14:56:39,577] multiqc                                            [DEBUG  ]  Ignoring file as matched an ignore pattern: sel2_SRR5819794.trim_2P_fastqc.html
[2020-04-03 14:56:39,577] multiqc                                            [DEBUG  ]  Ignoring file as matched an ignore pattern: sel2_SRR5819794.trim_2U_fastqc.html
[2020-04-03 14:56:39,577] multiqc                                            [DEBUG  ]  Ignoring file as matched an ignore pattern: sel2_SRR5819795.trim_1P_fastqc.html
[2020-04-03 14:56:39,578] multiqc                                            [DEBUG  ]  Ignoring file as matched an ignore pattern: sel2_SRR5819795.trim_1U_fastqc.html
[2020-04-03 14:56:39,578] multiqc                                            [DEBUG  ]  Ignoring file as matched an ignore pattern: sel2_SRR5819795.trim_2P_fastqc.html
[2020-04-03 14:56:39,578] multiqc                                            [DEBUG  ]  Ignoring file as matched an ignore pattern: sel2_SRR5819795.trim_2U_fastqc.html
[2020-04-03 14:56:39,579] multiqc                                            [DEBUG  ]  Ignoring file as matched an ignore pattern: sel2_SRR5819796.trim_1P_fastqc.html
[2020-04-03 14:56:39,579] multiqc                                            [DEBUG  ]  Ignoring file as matched an ignore pattern: sel2_SRR5819796.trim_1U_fastqc.html
[2020-04-03 14:56:39,579] multiqc                                            [DEBUG  ]  Ignoring file as matched an ignore pattern: sel2_SRR5819796.trim_2P_fastqc.html
[2020-04-03 14:56:39,580] multiqc                                            [DEBUG  ]  Ignoring file as matched an ignore pattern: sel2_SRR5819796.trim_2U_fastqc.html
[2020-04-03 14:56:39,580] multiqc                                            [DEBUG  ]  Ignoring file as matched an ignore pattern: sel2_SRR5819797.trim_1P_fastqc.html
[2020-04-03 14:56:39,580] multiqc                                            [DEBUG  ]  Ignoring file as matched an ignore pattern: sel2_SRR5819797.trim_1U_fastqc.html
[2020-04-03 14:56:39,581] multiqc                                            [DEBUG  ]  Ignoring file as matched an ignore pattern: sel2_SRR5819797.trim_2P_fastqc.html
[2020-04-03 14:56:39,581] multiqc                                            [DEBUG  ]  Ignoring file as matched an ignore pattern: sel2_SRR5819797.trim_2U_fastqc.html
[2020-04-03 14:56:39,581] multiqc                                            [DEBUG  ]  Ignoring file as matched an ignore pattern: sel2_SRR5819798.trim_1P_fastqc.html
[2020-04-03 14:56:39,582] multiqc                                            [DEBUG  ]  Ignoring file as matched an ignore pattern: sel2_SRR5819798.trim_1U_fastqc.html
[2020-04-03 14:56:39,582] multiqc                                            [DEBUG  ]  Ignoring file as matched an ignore pattern: sel2_SRR5819798.trim_2P_fastqc.html
[2020-04-03 14:56:39,582] multiqc                                            [DEBUG  ]  Ignoring file as matched an ignore pattern: sel2_SRR5819798.trim_2U_fastqc.html
[2020-04-03 14:56:39,583] multiqc                                            [DEBUG  ]  Ignoring file as matched an ignore pattern: sel2_SRR5819799.trim_1P_fastqc.html
[2020-04-03 14:56:39,583] multiqc                                            [DEBUG  ]  Ignoring file as matched an ignore pattern: sel2_SRR5819799.trim_1U_fastqc.html
[2020-04-03 14:56:39,583] multiqc                                            [DEBUG  ]  Ignoring file as matched an ignore pattern: sel2_SRR5819799.trim_2P_fastqc.html
[2020-04-03 14:56:39,584] multiqc                                            [DEBUG  ]  Ignoring file as matched an ignore pattern: sel2_SRR5819799.trim_2U_fastqc.html
[2020-04-03 14:56:39,947] multiqc.plots.bargraph                             [DEBUG  ]  Using matplotlib version 3.1.1
[2020-04-03 14:56:39,948] multiqc.plots.linegraph                            [DEBUG  ]  Using matplotlib version 3.1.1
[2020-04-03 14:56:39,950] multiqc                                            [DEBUG  ]  No samples found: custom_content
[2020-04-03 14:56:39,955] multiqc                                            [DEBUG  ]  No samples found: conpair
[2020-04-03 14:56:39,961] multiqc                                            [DEBUG  ]  No samples found: peddy
[2020-04-03 14:56:39,966] multiqc                                            [DEBUG  ]  No samples found: methylQA
[2020-04-03 14:56:39,971] multiqc                                            [DEBUG  ]  No samples found: phantompeakqualtools
[2020-04-03 14:56:39,978] multiqc                                            [DEBUG  ]  No samples found: qualimap
[2020-04-03 14:56:39,983] multiqc                                            [DEBUG  ]  No samples found: preseq
[2020-04-03 14:56:39,988] multiqc                                            [DEBUG  ]  No samples found: quast
[2020-04-03 14:56:39,993] multiqc                                            [DEBUG  ]  No samples found: qorts
[2020-04-03 14:56:39,998] multiqc                                            [DEBUG  ]  No samples found: rna_seqc
[2020-04-03 14:56:40,003] multiqc                                            [DEBUG  ]  No samples found: rsem
[2020-04-03 14:56:40,014] multiqc                                            [DEBUG  ]  No samples found: rseqc
[2020-04-03 14:56:40,020] multiqc                                            [DEBUG  ]  No samples found: busco
[2020-04-03 14:56:40,025] multiqc                                            [DEBUG  ]  No samples found: goleft_indexcov
[2020-04-03 14:56:40,030] multiqc                                            [DEBUG  ]  No samples found: disambiguate
[2020-04-03 14:56:40,035] multiqc                                            [DEBUG  ]  No samples found: supernova
[2020-04-03 14:56:40,046] multiqc                                            [DEBUG  ]  No samples found: deeptools
[2020-04-03 14:56:40,052] multiqc                                            [DEBUG  ]  No samples found: sargasso
[2020-04-03 14:56:40,057] multiqc                                            [DEBUG  ]  No samples found: verifybamid
[2020-04-03 14:56:40,062] multiqc                                            [DEBUG  ]  No samples found: mirtrace
[2020-04-03 14:56:40,067] multiqc                                            [DEBUG  ]  No samples found: happy
[2020-04-03 14:56:40,073] multiqc                                            [DEBUG  ]  No samples found: homer
[2020-04-03 14:56:40,078] multiqc                                            [DEBUG  ]  No samples found: macs2
[2020-04-03 14:56:40,083] multiqc                                            [DEBUG  ]  No samples found: theta2
[2020-04-03 14:56:40,089] multiqc                                            [DEBUG  ]  No samples found: snpeff
[2020-04-03 14:56:40,096] multiqc                                            [DEBUG  ]  No samples found: gatk
[2020-04-03 14:56:40,101] multiqc                                            [DEBUG  ]  No samples found: htseq
[2020-04-03 14:56:40,107] multiqc                                            [DEBUG  ]  No samples found: bcftools
[2020-04-03 14:56:40,112] multiqc                                            [DEBUG  ]  No samples found: featureCounts
[2020-04-03 14:56:40,117] multiqc                                            [DEBUG  ]  No samples found: fgbio
[2020-04-03 14:56:40,122] multiqc                                            [DEBUG  ]  No samples found: dedup
[2020-04-03 14:56:40,127] multiqc                                            [DEBUG  ]  No samples found: damageprofiler
[2020-04-03 14:56:40,143] multiqc                                            [DEBUG  ]  No samples found: biobambam2
[2020-04-03 14:56:40,148] multiqc                                            [DEBUG  ]  No samples found: mtnucratio
[2020-04-03 14:56:40,151] multiqc                                            [DEBUG  ]  No samples found: picard
[2020-04-03 14:56:40,156] multiqc                                            [DEBUG  ]  No samples found: prokka
[2020-04-03 14:56:40,161] multiqc                                            [DEBUG  ]  No samples found: samblaster
[2020-04-03 14:56:40,169] multiqc                                            [DEBUG  ]  No samples found: samtools
[2020-04-03 14:56:40,175] multiqc                                            [DEBUG  ]  No samples found: sexdeterrmine
[2020-04-03 14:56:40,180] multiqc                                            [DEBUG  ]  No samples found: bamtools
[2020-04-03 14:56:40,185] multiqc                                            [DEBUG  ]  No samples found: jellyfish
[2020-04-03 14:56:40,193] multiqc                                            [DEBUG  ]  No samples found: vcftools
[2020-04-03 14:56:40,198] multiqc                                            [DEBUG  ]  No samples found: longranger
[2020-04-03 14:56:40,203] multiqc                                            [DEBUG  ]  No samples found: stacks
[2020-04-03 14:56:40,217] multiqc                                            [DEBUG  ]  No samples found: bbmap
[2020-04-03 14:56:40,223] multiqc                                            [DEBUG  ]  No samples found: bismark
[2020-04-03 14:56:40,228] multiqc                                            [DEBUG  ]  No samples found: biscuit
[2020-04-03 14:56:40,233] multiqc                                            [DEBUG  ]  No samples found: hicexplorer
[2020-04-03 14:56:40,239] multiqc                                            [DEBUG  ]  No samples found: hicup
[2020-04-03 14:56:40,244] multiqc                                            [DEBUG  ]  No samples found: hicpro
[2020-04-03 14:56:40,249] multiqc                                            [DEBUG  ]  No samples found: salmon
[2020-04-03 14:56:40,254] multiqc                                            [DEBUG  ]  No samples found: kallisto
[2020-04-03 14:56:40,259] multiqc                                            [DEBUG  ]  No samples found: slamdunk
[2020-04-03 14:56:40,264] multiqc                                            [DEBUG  ]  No samples found: star
[2020-04-03 14:56:40,270] multiqc                                            [DEBUG  ]  No samples found: hisat2
[2020-04-03 14:56:40,275] multiqc                                            [DEBUG  ]  No samples found: tophat
[2020-04-03 14:56:40,280] multiqc                                            [DEBUG  ]  No samples found: bowtie2
[2020-04-03 14:56:40,285] multiqc                                            [DEBUG  ]  No samples found: bowtie1
[2020-04-03 14:56:40,290] multiqc                                            [DEBUG  ]  No samples found: kat
[2020-04-03 14:56:40,295] multiqc                                            [DEBUG  ]  No samples found: leehom
[2020-04-03 14:56:40,300] multiqc                                            [DEBUG  ]  No samples found: adapterRemoval
[2020-04-03 14:56:40,305] multiqc                                            [DEBUG  ]  No samples found: clipandmerge
[2020-04-03 14:56:40,310] multiqc                                            [DEBUG  ]  No samples found: cutadapt
[2020-04-03 14:56:40,315] multiqc                                            [DEBUG  ]  No samples found: flexbar
[2020-04-03 14:56:40,320] multiqc                                            [DEBUG  ]  No samples found: trimmomatic
[2020-04-03 14:56:40,325] multiqc                                            [DEBUG  ]  No samples found: skewer
[2020-04-03 14:56:40,330] multiqc                                            [DEBUG  ]  No samples found: sortmerna
[2020-04-03 14:56:40,335] multiqc                                            [DEBUG  ]  No samples found: biobloomtools
[2020-04-03 14:56:40,340] multiqc                                            [DEBUG  ]  No samples found: fastq_screen
[2020-04-03 14:56:40,345] multiqc                                            [DEBUG  ]  No samples found: afterqc
[2020-04-03 14:56:40,350] multiqc                                            [DEBUG  ]  No samples found: fastp
[2020-04-03 14:56:41,199] multiqc.modules.fastqc.fastqc                      [INFO   ]  Found 24 reports
[2020-04-03 14:56:41,697] multiqc                                            [DEBUG  ]  No samples found: minionqc
[2020-04-03 14:56:41,702] multiqc                                            [DEBUG  ]  No samples found: mosdepth
[2020-04-03 14:56:41,707] multiqc                                            [DEBUG  ]  No samples found: clusterflow
[2020-04-03 14:56:41,713] multiqc                                            [DEBUG  ]  No samples found: bcl2fastq
[2020-04-03 14:56:41,718] multiqc                                            [DEBUG  ]  No samples found: interop
[2020-04-03 14:56:41,723] multiqc                                            [DEBUG  ]  No samples found: flash
[2020-04-03 14:56:41,728] multiqc                                            [DEBUG  ]  No samples found: seqyclean
[2020-04-03 14:56:41,771] multiqc                                            [INFO   ]  Compressing plot data
[2020-04-03 14:56:42,222] multiqc                                            [INFO   ]  Report      : ../../../../home/jennij/Genome_Analysis/analyses/01_preprocessing/multiqc/multiqc_dna/multiqc_report.html
[2020-04-03 14:56:42,223] multiqc                                            [INFO   ]  Data        : ../../../../home/jennij/Genome_Analysis/analyses/01_preprocessing/multiqc/multiqc_dna/multiqc_data
[2020-04-03 14:56:42,232] multiqc                                            [DEBUG  ]  Moving data file from '/scratch/13140028/tmpkezjnygi/multiqc_data/multiqc_sources.txt' to '/home/jennij/Genome_Analysis/analyses/01_preprocessing/multiqc/multiqc_dna/multiqc_data'
[2020-04-03 14:56:42,234] multiqc                                            [DEBUG  ]  Moving data file from '/scratch/13140028/tmpkezjnygi/multiqc_data/multiqc_qualimap_bamqc_genome_results.txt' to '/home/jennij/Genome_Analysis/analyses/01_preprocessing/multiqc/multiqc_dna/multiqc_data'
[2020-04-03 14:56:42,236] multiqc                                            [DEBUG  ]  Moving data file from '/scratch/13140028/tmpkezjnygi/multiqc_data/multiqc_data.json' to '/home/jennij/Genome_Analysis/analyses/01_preprocessing/multiqc/multiqc_dna/multiqc_data'
[2020-04-03 14:56:42,252] multiqc                                            [DEBUG  ]  Moving data file from '/scratch/13140028/tmpkezjnygi/multiqc_data/multiqc_fastqc.txt' to '/home/jennij/Genome_Analysis/analyses/01_preprocessing/multiqc/multiqc_dna/multiqc_data'
[2020-04-03 14:56:42,254] multiqc                                            [DEBUG  ]  Moving data file from '/scratch/13140028/tmpkezjnygi/multiqc_data/multiqc_general_stats.txt' to '/home/jennij/Genome_Analysis/analyses/01_preprocessing/multiqc/multiqc_dna/multiqc_data'
[2020-04-03 14:56:42,426] multiqc                                            [INFO   ]  MultiQC complete
