100000 GFF lines processed.
200000 GFF lines processed.
300000 GFF lines processed.
400000 GFF lines processed.
500000 GFF lines processed.
600000 GFF lines processed.
700000 GFF lines processed.
769388 GFF lines processed.
100000 SAM alignment record pairs processed.
200000 SAM alignment record pairs processed.
Warning: Mate records missing for 28788 records; first such record: <SAM_Alignment object: Paired-end read 'DJB775P1:392:D1R59ACXX:6:1111:5090:12942' aligned to NW_015504334.1:[960830,960930)/+>.
Warning: Mate pairing was ambiguous for 212 records; mate key for first such record: ('DJB775P1:392:D1R59ACXX:6:2105:13445:76585', 'first', 'NW_015504334.1', 114481, 'NW_015504334.1', 114530, 11897).
252781 SAM alignment pairs processed.
100000 GFF lines processed.
200000 GFF lines processed.
300000 GFF lines processed.
400000 GFF lines processed.
500000 GFF lines processed.
600000 GFF lines processed.
700000 GFF lines processed.
769388 GFF lines processed.
100000 SAM alignment record pairs processed.
200000 SAM alignment record pairs processed.
Warning: Mate records missing for 30664 records; first such record: <SAM_Alignment object: Paired-end read 'DJB775P1:395:D1RW8ACXX:4:2303:15554:64098' aligned to NW_015504334.1:[1961177,1969853)/->.
Warning: Mate pairing was ambiguous for 406 records; mate key for first such record: ('DJB775P1:395:D1RW8ACXX:4:1303:8201:7052', 'first', 'NW_015504334.1', 103330, 'NW_015504334.1', 104672, 10925).
267116 SAM alignment pairs processed.
100000 GFF lines processed.
200000 GFF lines processed.
300000 GFF lines processed.
400000 GFF lines processed.
500000 GFF lines processed.
600000 GFF lines processed.
700000 GFF lines processed.
769388 GFF lines processed.
100000 SAM alignment record pairs processed.
200000 SAM alignment record pairs processed.
Warning: Mate records missing for 41227 records; first such record: <SAM_Alignment object: Paired-end read 'DJB775P1:392:D1R59ACXX:7:1102:9757:50145' aligned to NW_015504334.1:[1679396,1679496)/->.
300000 SAM alignment record pairs processed.
Warning: Mate pairing was ambiguous for 380 records; mate key for first such record: ('DJB77P1:411:H0FA3ADXX:1:2203:11970:2616', 'second', 'NW_015504334.1', 13855, 'NW_015504334.1', 13906, 599).
335522 SAM alignment pairs processed.
100000 GFF lines processed.
200000 GFF lines processed.
300000 GFF lines processed.
400000 GFF lines processed.
500000 GFF lines processed.
600000 GFF lines processed.
700000 GFF lines processed.
769388 GFF lines processed.
100000 SAM alignment record pairs processed.
200000 SAM alignment record pairs processed.
Warning: Mate records missing for 33261 records; first such record: <SAM_Alignment object: Paired-end read 'DJB775P1:392:D1R59ACXX:7:2111:18681:10606' aligned to NW_015504334.1:[204762,204808)/+>.
300000 SAM alignment record pairs processed.
Warning: Mate pairing was ambiguous for 391 records; mate key for first such record: ('DJB77P1:411:H0FA3ADXX:1:1205:5350:93166', 'first', 'NW_015504334.1', 114248, 'NW_015504334.1', 114256, 233).
303080 SAM alignment pairs processed.
100000 GFF lines processed.
200000 GFF lines processed.
300000 GFF lines processed.
400000 GFF lines processed.
500000 GFF lines processed.
600000 GFF lines processed.
700000 GFF lines processed.
769388 GFF lines processed.
100000 SAM alignment record pairs processed.
200000 SAM alignment record pairs processed.
Warning: Mate records missing for 31781 records; first such record: <SAM_Alignment object: Paired-end read 'DJB775P1:392:D1R59ACXX:7:2306:13878:16956' aligned to NW_015504334.1:[476543,476643)/+>.
Warning: Mate pairing was ambiguous for 374 records; mate key for first such record: ('DJB775P1:392:D1R59ACXX:7:1214:7558:57064', 'second', 'NW_015504334.1', 23770, 'NW_015504334.1', 23799, 3015).
247117 SAM alignment pairs processed.
100000 GFF lines processed.
200000 GFF lines processed.
300000 GFF lines processed.
400000 GFF lines processed.
500000 GFF lines processed.
600000 GFF lines processed.
700000 GFF lines processed.
769388 GFF lines processed.
100000 SAM alignment record pairs processed.
Warning: Mate records missing for 35320 records; first such record: <SAM_Alignment object: Paired-end read 'DJB775P1:392:D1R59ACXX:8:2308:12478:13807' aligned to NW_015504334.1:[1434188,1434288)/+>.
200000 SAM alignment record pairs processed.
Warning: Mate pairing was ambiguous for 212 records; mate key for first such record: ('DJB775P1:392:D1R59ACXX:5:2202:4768:72679', 'first', 'NW_015504334.1', 114481, 'NW_015504334.1', 114524, 11902).
221046 SAM alignment pairs processed.
